<?xml version="1.0" encoding="UTF-8"?>
<testsuite xmlns:xsi="http://www.w3.org/2001/XMLSchema-instance" xsi:noNamespaceSchemaLocation="https://maven.apache.org/surefire/maven-surefire-plugin/xsd/surefire-test-report.xsd" version="3.0.2" name="Runner.TestRunner" time="10.398" tests="1" errors="0" skipped="0" failures="0">
  <properties>
[...]
</properties>
  <testcase name="Check the Swag Labs login flow" classname="Test the Login Functionality" time="10.108">
    <system-out><![CDATA[
@LoginTest
Scenario Outline: Check the Swag Labs login flow       # src/test/resources/Features/login.feature:13
22:54:17.301 [main] INFO  StepDefinitions.Hooks - Test execution started
22:54:17.475 [main] INFO  Utilities.PlaywrightFactory - Initializing Playwright browser
22:54:25.655 [main] INFO  StepDefinitions.LoginPageSteps - Navigating to login page
  Given User launches the swag labs url                # StepDefinitions.LoginPageSteps.user_launches_the_swag_labs_url()
22:54:25.899 [main] INFO  StepDefinitions.LoginPageSteps - Entering credentials
22:54:25.899 [main] INFO  Pages.LoginPage - Entering username: standard_user
  When User insert "standard_user" in username field   # StepDefinitions.LoginPageSteps.user_insert_in_username_field(java.lang.String)
22:54:25.963 [main] INFO  StepDefinitions.LoginPageSteps - Entering credentials
22:54:25.964 [main] INFO  Pages.LoginPage - Entering password: secret_sauce
  And User insert the "secret_sauce" in password field # StepDefinitions.LoginPageSteps.user_insert_the_in_password_field(java.lang.String)
22:54:25.984 [main] INFO  StepDefinitions.LoginPageSteps - Clicking login button
22:54:25.985 [main] INFO  Pages.LoginPage - Clicking on login button
  And User clicks on the login button                  # StepDefinitions.LoginPageSteps.userClicksOnTheLoginButton()
22:54:26.367 [main] INFO  StepDefinitions.LoginPageSteps - Verifying if homepage is displayed
22:54:26.383 [main] INFO  Pages.HomePage - Homepage is displayed
22:54:26.385 [main] INFO  Utilities.PlaywrightFactory - Closing browser
  Then Verify the swag labs products title in home     # StepDefinitions.LoginPageSteps.verifyTheSwagLabsProductsTitleInHome()
22:54:26.629 [main] INFO  StepDefinitions.Hooks - Test execution finished
]]></system-out>
  </testcase>
</testsuite>